<?xml version="1.0" encoding="utf-8"?><testsuites name="pytest tests"><testsuite name="pytest" errors="0" failures="0" skipped="0" tests="21" time="7.228" timestamp="2026-02-22T15:32:10.245179+00:00" hostname="agent-env-b638a674-bdd2-4e38-a79b-b56733a95518"><testcase classname="backend.tests.test_auth_api.TestHealthCheck" name="test_health_check" time="0.244" /><testcase classname="backend.tests.test_auth_api.TestUserRegistration" name="test_register_new_user_success" time="0.382" /><testcase classname="backend.tests.test_auth_api.TestUserRegistration" name="test_register_duplicate_email_fails" time="0.436" /><testcase classname="backend.tests.test_auth_api.TestUserRegistration" name="test_register_with_referral_code" time="0.707" /><testcase classname="backend.tests.test_auth_api.TestUserLogin" name="test_login_success" time="0.690" /><testcase classname="backend.tests.test_auth_api.TestUserLogin" name="test_login_invalid_password" time="0.661" /><testcase classname="backend.tests.test_auth_api.TestUserLogin" name="test_login_nonexistent_email" time="0.134" /><testcase classname="backend.tests.test_auth_api.TestUserLogin" name="test_login_with_known_test_user" time="0.482" /><testcase classname="backend.tests.test_auth_api.TestGetCurrentUser" name="test_get_me_with_valid_token" time="0.455" /><testcase classname="backend.tests.test_auth_api.TestGetCurrentUser" name="test_get_me_without_token" time="0.109" /><testcase classname="backend.tests.test_auth_api.TestGetCurrentUser" name="test_get_me_with_invalid_token" time="0.116" /><testcase classname="backend.tests.test_auth_api.TestGoogleOAuthSession" name="test_session_exchange_missing_session_id" time="0.099" /><testcase classname="backend.tests.test_auth_api.TestGoogleOAuthSession" name="test_session_exchange_invalid_session_id" time="0.217" /><testcase classname="backend.tests.test_auth_api.TestGoogleOAuthSession" name="test_session_exchange_empty_session_id" time="0.101" /><testcase classname="backend.tests.test_auth_api.TestAppleAuth" name="test_apple_auth_invalid_identity_token" time="0.107" /><testcase classname="backend.tests.test_auth_api.TestAppleAuth" name="test_apple_auth_with_mock_valid_jwt" time="0.100" /><testcase classname="backend.tests.test_auth_api.TestAppleAuth" name="test_apple_auth_missing_email" time="0.147" /><testcase classname="backend.tests.test_auth_api.TestJWTTokenValidation" name="test_jwt_token_structure" time="0.331" /><testcase classname="backend.tests.test_auth_api.TestJWTTokenValidation" name="test_jwt_token_can_access_protected_routes" time="0.700" /><testcase classname="backend.tests.test_auth_api.TestLogout" name="test_logout_success" time="0.515" /><testcase classname="backend.tests.test_auth_api.TestReviewerLogin" name="test_reviewer_account_login" time="0.342" /></testsuite></testsuites>