<?xml version="1.0" encoding="utf-8"?><testsuites name="pytest tests"><testsuite name="pytest" errors="0" failures="0" skipped="0" tests="13" time="4.515" timestamp="2026-02-22T11:12:47.462909+00:00" hostname="agent-env-b638a674-bdd2-4e38-a79b-b56733a95518"><testcase classname="tests.test_debug_reviewer_api.TestHealthCheck" name="test_health_check" time="0.218" /><testcase classname="tests.test_debug_reviewer_api.TestUserModel" name="test_user_model_has_is_supporter_field" time="0.442" /><testcase classname="tests.test_debug_reviewer_api.TestDebugReviewerEndpoints" name="test_is_reviewer_requires_auth" time="0.112" /><testcase classname="tests.test_debug_reviewer_api.TestDebugReviewerEndpoints" name="test_is_reviewer_returns_true_for_reviewer_account" time="0.486" /><testcase classname="tests.test_debug_reviewer_api.TestDebugReviewerEndpoints" name="test_is_reviewer_returns_false_for_regular_user" time="0.523" /><testcase classname="tests.test_debug_reviewer_api.TestMockQRScan" name="test_mock_qr_scan_requires_auth" time="0.095" /><testcase classname="tests.test_debug_reviewer_api.TestMockQRScan" name="test_mock_qr_scan_invalid_favor" time="0.429" /><testcase classname="tests.test_debug_reviewer_api.TestMockQRScan" name="test_mock_qr_scan_full_flow" time="1.074" /><testcase classname="tests.test_debug_reviewer_api.TestFavorsCreatorIsSupporter" name="test_favors_endpoint_includes_creator_is_supporter" time="0.101" /><testcase classname="tests.test_debug_reviewer_api.TestFavorsCreatorIsSupporter" name="test_new_favor_has_creator_is_supporter_field" time="0.633" /><testcase classname="tests.test_debug_reviewer_api.TestAPIStructureValidation" name="test_categories_endpoint" time="0.101" /><testcase classname="tests.test_debug_reviewer_api.TestAPIStructureValidation" name="test_badges_endpoint" time="0.098" /><testcase classname="tests.test_debug_reviewer_api.TestAPIStructureValidation" name="test_currency_info_endpoint" time="0.092" /></testsuite></testsuites>