<?xml version="1.0" encoding="utf-8"?><testsuites name="pytest tests"><testsuite name="pytest" errors="0" failures="0" skipped="0" tests="14" time="5.079" timestamp="2026-02-28T21:25:19.432206+00:00" hostname="agent-env-79ced7dc-cbbb-443a-8da9-e4ca3131d7e1"><testcase classname="backend.tests.test_email_verification.TestEmailVerificationAPI" name="test_login_existing_user" time="0.401" /><testcase classname="backend.tests.test_email_verification.TestEmailVerificationAPI" name="test_login_invalid_credentials" time="0.122" /><testcase classname="backend.tests.test_email_verification.TestEmailVerificationAPI" name="test_verify_email_invalid_user" time="0.103" /><testcase classname="backend.tests.test_email_verification.TestEmailVerificationAPI" name="test_resend_code_invalid_user" time="0.102" /><testcase classname="backend.tests.test_email_verification.TestEmailVerificationAPI" name="test_register_new_user_flow" time="0.555" /><testcase classname="backend.tests.test_email_verification.TestEmailVerificationAPI" name="test_register_duplicate_email" time="0.116" /><testcase classname="backend.tests.test_email_verification.TestEmailVerificationAPI" name="test_verify_email_wrong_code" time="0.619" /><testcase classname="backend.tests.test_email_verification.TestEmailVerificationAPI" name="test_resend_code_for_registered_user" time="0.768" /><testcase classname="backend.tests.test_email_verification.TestFavorsAndCategoriesAPI" name="test_get_categories" time="0.120" /><testcase classname="backend.tests.test_email_verification.TestFavorsAndCategoriesAPI" name="test_get_favors_all" time="0.404" /><testcase classname="backend.tests.test_email_verification.TestFavorsAndCategoriesAPI" name="test_get_favors_by_type_offer" time="0.431" /><testcase classname="backend.tests.test_email_verification.TestFavorsAndCategoriesAPI" name="test_get_favors_by_type_request" time="0.410" /><testcase classname="backend.tests.test_email_verification.TestFavorsAndCategoriesAPI" name="test_get_favors_by_category" time="0.396" /><testcase classname="backend.tests.test_email_verification.TestFavorsAndCategoriesAPI" name="test_get_single_favor" time="0.455" /></testsuite></testsuites>