<?xml version="1.0" encoding="utf-8"?><testsuites name="pytest tests"><testsuite name="pytest" errors="0" failures="0" skipped="0" tests="11" time="2.842" timestamp="2026-02-23T00:39:30.915184+00:00" hostname="agent-env-66ec296a-171a-42e2-a72a-686c171cb2f4"><testcase classname="backend.tests.test_notifications_api.TestNotificationsAPI" name="test_health_check" time="0.307" /><testcase classname="backend.tests.test_notifications_api.TestNotificationsAPI" name="test_get_notifications_success" time="0.638" /><testcase classname="backend.tests.test_notifications_api.TestNotificationsAPI" name="test_get_notifications_without_auth" time="0.115" /><testcase classname="backend.tests.test_notifications_api.TestNotificationsAPI" name="test_get_notifications_with_invalid_token" time="0.131" /><testcase classname="backend.tests.test_notifications_api.TestNotificationsAPI" name="test_get_unread_count_success" time="0.113" /><testcase classname="backend.tests.test_notifications_api.TestNotificationsAPI" name="test_get_unread_count_without_auth" time="0.152" /><testcase classname="backend.tests.test_notifications_api.TestNotificationsAPI" name="test_mark_notification_read_invalid_id" time="0.101" /><testcase classname="backend.tests.test_notifications_api.TestNotificationsAPI" name="test_mark_notification_read_without_auth" time="0.110" /><testcase classname="backend.tests.test_notifications_api.TestSupporterBadgeInFavorsAPI" name="test_favors_list_contains_creator_is_supporter" time="0.703" /><testcase classname="backend.tests.test_notifications_api.TestSupporterBadgeInFavorsAPI" name="test_favor_detail_contains_creator_is_supporter" time="0.252" /><testcase classname="backend.tests.test_notifications_api.TestCategoriesAPI" name="test_get_categories" time="0.120" /></testsuite></testsuites>