<?xml version="1.0" encoding="utf-8"?><testsuites name="pytest tests"><testsuite name="pytest" errors="0" failures="0" skipped="0" tests="8" time="1.570" timestamp="2026-02-28T21:49:24.291061+00:00" hostname="agent-env-79ced7dc-cbbb-443a-8da9-e4ca3131d7e1"><testcase classname="backend.tests.test_notification_preferences.TestNotificationPreferencesAPI" name="test_get_default_preferences" time="0.576" /><testcase classname="backend.tests.test_notification_preferences.TestNotificationPreferencesAPI" name="test_update_preferences_disable_one" time="0.117" /><testcase classname="backend.tests.test_notification_preferences.TestNotificationPreferencesAPI" name="test_get_updated_preferences" time="0.146" /><testcase classname="backend.tests.test_notification_preferences.TestNotificationPreferencesAPI" name="test_update_preferences_disable_multiple" time="0.111" /><testcase classname="backend.tests.test_notification_preferences.TestNotificationPreferencesAPI" name="test_verify_multiple_disabled_persisted" time="0.159" /><testcase classname="backend.tests.test_notification_preferences.TestNotificationPreferencesAPI" name="test_reenable_all_preferences" time="0.142" /><testcase classname="backend.tests.test_notification_preferences.TestNotificationPreferencesAPI" name="test_unauthorized_access" time="0.139" /><testcase classname="backend.tests.test_notification_preferences.TestNotificationPreferencesAPI" name="test_put_unauthorized_access" time="0.123" /></testsuite></testsuites>