<?xml version="1.0" encoding="utf-8"?><testsuites name="pytest tests"><testsuite name="pytest" errors="0" failures="0" skipped="0" tests="17" time="8.502" timestamp="2026-02-28T21:38:03.038399+00:00" hostname="agent-env-79ced7dc-cbbb-443a-8da9-e4ca3131d7e1"><testcase classname="backend.tests.test_push_notifications.TestPushTokenEndpoints" name="test_register_push_token_success" time="0.647" /><testcase classname="backend.tests.test_push_notifications.TestPushTokenEndpoints" name="test_register_push_token_requires_auth" time="0.452" /><testcase classname="backend.tests.test_push_notifications.TestPushTokenEndpoints" name="test_register_push_token_invalid_format" time="0.467" /><testcase classname="backend.tests.test_push_notifications.TestPushTokenEndpoints" name="test_remove_push_token_success" time="0.570" /><testcase classname="backend.tests.test_push_notifications.TestPushTokenEndpoints" name="test_remove_push_token_requires_auth" time="0.429" /><testcase classname="backend.tests.test_push_notifications.TestPushTokenPersistence" name="test_push_token_stored_after_registration" time="0.666" /><testcase classname="backend.tests.test_push_notifications.TestNotificationTriggeredEndpoints" name="test_accept_favor_endpoint_exists" time="0.448" /><testcase classname="backend.tests.test_push_notifications.TestNotificationTriggeredEndpoints" name="test_complete_favor_endpoint_exists" time="0.437" /><testcase classname="backend.tests.test_push_notifications.TestNotificationTriggeredEndpoints" name="test_send_message_endpoint_exists" time="0.457" /><testcase classname="backend.tests.test_push_notifications.TestNotificationTriggeredEndpoints" name="test_review_endpoint_exists" time="0.473" /><testcase classname="backend.tests.test_push_notifications.TestCoreAPIsWorking" name="test_login_works" time="0.677" /><testcase classname="backend.tests.test_push_notifications.TestCoreAPIsWorking" name="test_get_me_works" time="0.433" /><testcase classname="backend.tests.test_push_notifications.TestCoreAPIsWorking" name="test_get_favors_works" time="0.438" /><testcase classname="backend.tests.test_push_notifications.TestCoreAPIsWorking" name="test_get_categories_works" time="0.439" /><testcase classname="backend.tests.test_push_notifications.TestCoreAPIsWorking" name="test_notifications_endpoint_works" time="0.444" /><testcase classname="backend.tests.test_push_notifications.TestFavorDetailPage" name="test_favor_detail_404_for_invalid_id" time="0.450" /><testcase classname="backend.tests.test_push_notifications.TestFavorDetailPage" name="test_favor_list_contains_expected_fields" time="0.509" /></testsuite></testsuites>