<?xml version="1.0" encoding="utf-8"?><testsuites name="pytest tests"><testsuite name="pytest" errors="0" failures="0" skipped="0" tests="33" time="20.514" timestamp="2026-02-22T08:57:39.540093+00:00" hostname="agent-env-8d6d2b68-7c48-4966-8cdb-a539245c1c55"><testcase classname="backend.tests.test_chat_and_debt.TestAuth" name="test_register_new_user" time="0.434" /><testcase classname="backend.tests.test_chat_and_debt.TestAuth" name="test_login_success" time="0.647" /><testcase classname="backend.tests.test_chat_and_debt.TestAuth" name="test_login_invalid_credentials" time="0.101" /><testcase classname="backend.tests.test_chat_and_debt.TestAuth" name="test_get_current_user" time="0.426" /><testcase classname="backend.tests.test_chat_and_debt.TestChatMessages" name="test_send_valid_message" time="0.981" /><testcase classname="backend.tests.test_chat_and_debt.TestChatMessages" name="test_get_messages" time="1.098" /><testcase classname="backend.tests.test_chat_and_debt.TestChatMessages" name="test_non_participant_cannot_see_messages" time="1.272" /><testcase classname="backend.tests.test_chat_and_debt.TestMoneyFilter" name="test_money_reference_blocked[Ti pago 50\u20ac-Euro symbol with amount]" time="0.956" /><testcase classname="backend.tests.test_chat_and_debt.TestMoneyFilter" name="test_money_reference_blocked[dammi 100 euro per il lavoro-Euro word]" time="0.938" /><testcase classname="backend.tests.test_chat_and_debt.TestMoneyFilter" name="test_money_reference_blocked[facciamo un pagamento cash-Pagamento keyword]" time="0.962" /><testcase classname="backend.tests.test_chat_and_debt.TestMoneyFilter" name="test_money_reference_blocked[ti do i contanti-Contanti keyword]" time="0.985" /><testcase classname="backend.tests.test_chat_and_debt.TestMoneyFilter" name="test_money_reference_blocked[posso pagarti con bonifico-Bonifico keyword]" time="0.976" /><testcase classname="backend.tests.test_chat_and_debt.TestMoneyFilter" name="test_money_reference_blocked[passami l'iban-IBAN keyword]" time="0.970" /><testcase classname="backend.tests.test_chat_and_debt.TestMoneyFilter" name="test_money_reference_blocked[usa paypal-PayPal keyword]" time="0.957" /><testcase classname="backend.tests.test_chat_and_debt.TestMoneyFilter" name="test_money_reference_blocked[prezzo: 30 dollari-Dollari keyword]" time="0.974" /><testcase classname="backend.tests.test_chat_and_debt.TestMoneyFilter" name="test_money_reference_blocked[il costo \xe8 $50-Dollar symbol]" time="0.954" /><testcase classname="backend.tests.test_chat_and_debt.TestMoneyFilter" name="test_money_reference_blocked[tariffa da concordare-Tariffa keyword]" time="0.970" /><testcase classname="backend.tests.test_chat_and_debt.TestMoneyFilter" name="test_legitimate_message_allowed" time="1.359" /><testcase classname="backend.tests.test_chat_and_debt.TestSocialDebt" name="test_user_starts_with_positive_granelli" time="0.322" /><testcase classname="backend.tests.test_chat_and_debt.TestSocialDebt" name="test_debt_flag_on_favor_creation" time="0.113" /><testcase classname="backend.tests.test_chat_and_debt.TestSocialDebt" name="test_debt_limit_constant" time="0.000" /><testcase classname="backend.tests.test_chat_and_debt.TestFavorCreation" name="test_create_offer_favor" time="0.423" /><testcase classname="backend.tests.test_chat_and_debt.TestFavorCreation" name="test_create_request_favor" time="0.419" /><testcase classname="backend.tests.test_chat_and_debt.TestFavorCreation" name="test_create_favor_with_location" time="0.424" /><testcase classname="backend.tests.test_chat_and_debt.TestFavorAcceptance" name="test_accept_favor_success" time="0.916" /><testcase classname="backend.tests.test_chat_and_debt.TestFavorAcceptance" name="test_cannot_accept_own_favor" time="0.856" /><testcase classname="backend.tests.test_chat_and_debt.TestGetEndpoints" name="test_get_favors_list" time="0.332" /><testcase classname="backend.tests.test_chat_and_debt.TestGetEndpoints" name="test_get_categories" time="0.110" /><testcase classname="backend.tests.test_chat_and_debt.TestGetEndpoints" name="test_get_badges" time="0.105" /><testcase classname="backend.tests.test_chat_and_debt.TestGetEndpoints" name="test_get_currency_info" time="0.097" /><testcase classname="backend.tests.test_chat_and_debt.TestGetEndpoints" name="test_get_ethical_tags" time="0.095" /><testcase classname="backend.tests.test_chat_and_debt.TestGetEndpoints" name="test_get_patto" time="0.098" /><testcase classname="backend.tests.test_chat_and_debt.TestExistingTestFavor" name="test_get_existing_favor" time="0.104" /></testsuite></testsuites>