<?xml version="1.0" encoding="utf-8"?><testsuites name="pytest tests"><testsuite name="pytest" errors="0" failures="0" skipped="0" tests="12" time="1.791" timestamp="2026-02-22T10:08:33.671930+00:00" hostname="agent-env-2776bc36-297b-47d1-9cf1-a3e975bc4a74"><testcase classname="backend.tests.test_skills_api.TestAuthEndpoints" name="test_login_success" time="0.663" /><testcase classname="backend.tests.test_skills_api.TestAuthEndpoints" name="test_login_invalid_credentials" time="0.055" /><testcase classname="backend.tests.test_skills_api.TestCategoriesEndpoint" name="test_get_categories" time="0.044" /><testcase classname="backend.tests.test_skills_api.TestCategoriesEndpoint" name="test_categories_contain_expected_values" time="0.043" /><testcase classname="backend.tests.test_skills_api.TestSkillsEndpoints" name="test_get_skills_requires_auth" time="0.148" /><testcase classname="backend.tests.test_skills_api.TestSkillsEndpoints" name="test_get_skills_authenticated" time="0.051" /><testcase classname="backend.tests.test_skills_api.TestSkillsEndpoints" name="test_update_skills_success" time="0.048" /><testcase classname="backend.tests.test_skills_api.TestSkillsEndpoints" name="test_update_skills_and_verify_persistence" time="0.098" /><testcase classname="backend.tests.test_skills_api.TestSkillsEndpoints" name="test_update_skills_filters_invalid" time="0.060" /><testcase classname="backend.tests.test_skills_api.TestSkillsEndpoints" name="test_update_skills_empty_list" time="0.105" /><testcase classname="backend.tests.test_skills_api.TestSkillsEndpoints" name="test_update_skills_all_categories" time="0.093" /><testcase classname="backend.tests.test_skills_api.TestUserDataIntegrity" name="test_login_response_includes_skills" time="0.319" /></testsuite></testsuites>