<?xml version="1.0" encoding="utf-8"?><testsuites name="pytest tests"><testsuite name="pytest" errors="0" failures="1" skipped="0" tests="12" time="1.902" timestamp="2026-02-22T10:08:21.430074+00:00" hostname="agent-env-2776bc36-297b-47d1-9cf1-a3e975bc4a74"><testcase classname="backend.tests.test_skills_api.TestAuthEndpoints" name="test_login_success" time="0.705" /><testcase classname="backend.tests.test_skills_api.TestAuthEndpoints" name="test_login_invalid_credentials" time="0.051" /><testcase classname="backend.tests.test_skills_api.TestCategoriesEndpoint" name="test_get_categories" time="0.052" /><testcase classname="backend.tests.test_skills_api.TestCategoriesEndpoint" name="test_categories_contain_expected_values" time="0.056" /><testcase classname="backend.tests.test_skills_api.TestSkillsEndpoints" name="test_get_skills_requires_auth" time="0.051"><failure message="AssertionError: Should return 401 without auth&#10;assert 200 == 401&#10; +  where 200 = &lt;Response [200]&gt;.status_code">backend/tests/test_skills_api.py:123: in test_get_skills_requires_auth
    assert response.status_code == 401, "Should return 401 without auth"
E   AssertionError: Should return 401 without auth
E   assert 200 == 401
E    +  where 200 = &lt;Response [200]&gt;.status_code</failure></testcase><testcase classname="backend.tests.test_skills_api.TestSkillsEndpoints" name="test_get_skills_authenticated" time="0.056" /><testcase classname="backend.tests.test_skills_api.TestSkillsEndpoints" name="test_update_skills_success" time="0.053" /><testcase classname="backend.tests.test_skills_api.TestSkillsEndpoints" name="test_update_skills_and_verify_persistence" time="0.134" /><testcase classname="backend.tests.test_skills_api.TestSkillsEndpoints" name="test_update_skills_filters_invalid" time="0.055" /><testcase classname="backend.tests.test_skills_api.TestSkillsEndpoints" name="test_update_skills_empty_list" time="0.120" /><testcase classname="backend.tests.test_skills_api.TestSkillsEndpoints" name="test_update_skills_all_categories" time="0.111" /><testcase classname="backend.tests.test_skills_api.TestUserDataIntegrity" name="test_login_response_includes_skills" time="0.325" /></testsuite></testsuites>