<?xml version="1.0" encoding="utf-8"?><testsuites name="pytest tests"><testsuite name="pytest" errors="0" failures="0" skipped="0" tests="22" time="9.080" timestamp="2026-02-22T10:24:08.412041+00:00" hostname="agent-env-2776bc36-297b-47d1-9cf1-a3e975bc4a74"><testcase classname="backend.tests.test_store_compliance.TestAuthentication" name="test_login_test_user" time="0.534" /><testcase classname="backend.tests.test_store_compliance.TestAuthentication" name="test_login_reviewer_account" time="0.322" /><testcase classname="backend.tests.test_store_compliance.TestReportEndpoint" name="test_report_requires_auth" time="0.130" /><testcase classname="backend.tests.test_store_compliance.TestReportEndpoint" name="test_report_invalid_type" time="0.450" /><testcase classname="backend.tests.test_store_compliance.TestReportEndpoint" name="test_report_user_not_self" time="0.560" /><testcase classname="backend.tests.test_store_compliance.TestReportEndpoint" name="test_report_user_success" time="0.787" /><testcase classname="backend.tests.test_store_compliance.TestReportEndpoint" name="test_report_nonexistent_user" time="0.428" /><testcase classname="backend.tests.test_store_compliance.TestBlockEndpoints" name="test_block_requires_auth" time="0.093" /><testcase classname="backend.tests.test_store_compliance.TestBlockEndpoints" name="test_block_cannot_block_self" time="0.597" /><testcase classname="backend.tests.test_store_compliance.TestBlockEndpoints" name="test_block_user_success" time="0.972" /><testcase classname="backend.tests.test_store_compliance.TestBlockEndpoints" name="test_block_nonexistent_user" time="0.432" /><testcase classname="backend.tests.test_store_compliance.TestBlockEndpoints" name="test_unblock_nonexistent_block" time="0.432" /><testcase classname="backend.tests.test_store_compliance.TestBlockEndpoints" name="test_get_blocked_users_empty" time="0.423" /><testcase classname="backend.tests.test_store_compliance.TestProfileCompletion" name="test_profile_completion_requires_auth" time="0.093" /><testcase classname="backend.tests.test_store_compliance.TestProfileCompletion" name="test_profile_completion_returns_data" time="0.429" /><testcase classname="backend.tests.test_store_compliance.TestReviewerDebug" name="test_is_reviewer_requires_auth" time="0.093" /><testcase classname="backend.tests.test_store_compliance.TestReviewerDebug" name="test_is_reviewer_for_reviewer_account" time="0.435" /><testcase classname="backend.tests.test_store_compliance.TestReviewerDebug" name="test_is_reviewer_for_normal_user" time="0.416" /><testcase classname="backend.tests.test_store_compliance.TestReviewerDebug" name="test_mock_qr_scan_requires_auth" time="0.097" /><testcase classname="backend.tests.test_store_compliance.TestReviewerDebug" name="test_mock_qr_scan_nonexistent_favor" time="0.412" /><testcase classname="backend.tests.test_store_compliance.TestContentModeration" name="test_favor_with_offensive_language_blocked" time="0.429" /><testcase classname="backend.tests.test_store_compliance.TestContentModeration" name="test_favor_with_normal_content_allowed" time="0.430" /></testsuite></testsuites>