<?xml version="1.0" encoding="utf-8"?><testsuites name="pytest tests"><testsuite name="pytest" errors="0" failures="0" skipped="0" tests="12" time="4.048" timestamp="2026-02-22T10:49:02.198035+00:00" hostname="agent-env-2776bc36-297b-47d1-9cf1-a3e975bc4a74"><testcase classname="tests.test_subscription_api.TestSubscriptionAuth" name="test_my_status_requires_auth" time="0.209" /><testcase classname="tests.test_subscription_api.TestSubscriptionAuth" name="test_create_checkout_requires_auth" time="0.107" /><testcase classname="tests.test_subscription_api.TestSubscriptionAuth" name="test_manage_url_requires_auth" time="0.108" /><testcase classname="tests.test_subscription_api.TestSubscriptionEndpoints" name="test_get_my_subscription_status_success" time="0.478" /><testcase classname="tests.test_subscription_api.TestSubscriptionEndpoints" name="test_create_checkout_success" time="0.696" /><testcase classname="tests.test_subscription_api.TestSubscriptionEndpoints" name="test_create_checkout_validates_origin_url" time="0.095" /><testcase classname="tests.test_subscription_api.TestSubscriptionEndpoints" name="test_get_checkout_status_nonexistent" time="0.112" /><testcase classname="tests.test_subscription_api.TestSubscriptionEndpoints" name="test_manage_url_not_supporter" time="0.210" /><testcase classname="tests.test_subscription_api.TestStripeWebhook" name="test_webhook_no_signature" time="0.090" /><testcase classname="tests.test_subscription_api.TestStripeWebhook" name="test_webhook_with_invalid_body" time="0.127" /><testcase classname="tests.test_subscription_api.TestSubscriptionFlow" name="test_full_subscription_flow" time="1.340" /><testcase classname="tests.test_subscription_api.TestUserModelUpdates" name="test_user_me_contains_supporter_fields" time="0.417" /></testsuite></testsuites>